2019-Jan-30 18:29:02,608 [main] com.resonantiatechnologie.amazon.pom.base.PomBase 
  INFO  Initilizing propertyfile
2019-Jan-30 18:29:02,630 [main] com.resonantiatechnologie.amazon.pom.base.PomBase 
  INFO  Initilized propertyfile
2019-Jan-30 18:29:02,713 [main] com.resonantiatechnologie.amazon.keyword.Keyword 
  INFO  Opening chrome browser
2019-Jan-30 18:29:20,277 [main] com.resonantiatechnologie.amazon.keyword.Keyword 
  INFO  Opened chrome browser
2019-Jan-30 18:29:20,370 [main] com.resonantiatechnologie.amazon.pom.base.PomBase 
  INFO  Initilizing propertyfile
2019-Jan-30 18:29:20,371 [main] com.resonantiatechnologie.amazon.pom.base.PomBase 
  INFO  Initilized propertyfile
2019-Jan-30 18:29:20,371 [main] com.resonantiatechnologie.amazon.keyword.Keyword 
  INFO  Launching https://goo.gl/5W34KL
2019-Jan-30 18:29:25,995 [main] com.resonantiatechnologie.amazon.keyword.Keyword 
  INFO  Launched https://goo.gl/5W34KL
2019-Jan-30 18:29:25,996 [main] com.resonantiatechnologie.amazon.keyword.Keyword 
  INFO  Setting implicit wait
2019-Jan-30 18:29:26,017 [main] com.resonantiatechnologie.amazon.keyword.Keyword 
  INFO  Setting page load time
2019-Jan-30 18:29:27,282 [main] com.resonantiatechnologie.amazon.keyword.Keyword 
  INFO  Maximizing window
2019-Jan-30 18:29:27,285 [main] com.resonantiatechnologie.amazon.pom.base.PomBase 
  INFO  Initilizing propertyfile
2019-Jan-30 18:29:27,285 [main] com.resonantiatechnologie.amazon.pom.base.PomBase 
  INFO  Initilized propertyfile
